Arguments: 
  D:\Program Files (x86)\nodejs\node.exe C:\Program Files (x86)\Yarn\bin\yarn.js add -D vuepress

PATH: 
  C:\Users\卡布\local;C:\Users\卡布\bin;D:\combu\Git\mingw64\bin;D:\combu\Git\usr\local\bin;D:\combu\Git\usr\bin;D:\combu\Git\usr\bin;D:\combu\Git\mingw64\bin;D:\combu\Git\usr\bin;C:\Users\卡布\bin;C:\Program Files (x86)\Intel\iCLS Client;C:\Program Files\Intel\iCLS Client;C:\Windows\system32;C:\Windows;C:\Windows\System32\Wbem;C:\Windows\System32\WindowsPowerShell\v1.0;C:\Program Files (x86)\Intel\Intel(R) Management Engine Components\DAL;C:\Program Files\Intel\Intel(R) Management Engine Components\DAL;C:\Program Files (x86)\Intel\Intel(R) Management Engine Components\IPT;C:\Program Files\Intel\Intel(R) Management Engine Components\IPT;C:\WINDOWS\system32;C:\WINDOWS;C:\WINDOWS\System32\Wbem;C:\WINDOWS\System32\WindowsPowerShell\v1.0;C:\python36;C:\python36\Scrapy;D:\mongodb\bin;D:\Redis;D:\Anaconda3\phantomjs\bin;D:\combu\Git\cmd;D:\combu\Git\mingw64\bin;D:\combu\Git\usr\bin;D:\combu\nodejs\node.exe;D:\Program Files (x86)\nodejs;C:\WINDOWS\system32;C:\WINDOWS;C:\WINDOWS\System32\Wbem;C:\WINDOWS\System32\WindowsPowerShell\v1.0;C:\WINDOWS\System32\OpenSSH;C:\Program Files\Intel\WiFi\bin;C:\Program Files\Common Files\Intel\WirelessCommon;C:\Program Files\NVIDIA Corporation\NVIDIA NvDLISR;C:\Program Files (x86)\NVIDIA Corporation\PhysX\Common;C:\Program Files (x86)\Yarn\bin;C:\python36\Scripts;C:\python36;C:\Users\卡布\AppData\Local\Microsoft\WindowsApps;C:\python27;C:\python27\Scripts;C:\Program Files (x86)\Microsoft VS Code\bin;D:\combu\Microsoft VS Code\bin;C:\Users\卡布\AppData\Roaming\npm;C:\Program Files\Intel\WiFi\bin;C:\Program Files\Common Files\Intel\WirelessCommon;C:\Users\卡布\AppData\Local\Yarn\bin;D:\combu\Git\usr\bin\vendor_perl;D:\combu\Git\usr\bin\core_perl

Yarn version: 
  1.16.0

Node version: 
  8.11.1

Platform: 
  win32 x64

Trace: 
  Error: EPERM: operation not permitted, unlink 'D:\HTML\2019\vue-ui-wheel\node_modules\deasync\bin\win32-x64-node-8\deasync.node'

npm manifest: 
  {
    "name": "vue-ui-wheel",
    "version": "0.0.7",
    "description": "这是一个UI框架",
    "main": "dist/index.js",
    "scripts": {
      "start": "parcel index.html --no-cache",
      "dev-test": "parcel watch test/* --no-cache & karma start",
      "test": "parcel build test/* --no-cache --no-minify && karma start --single-run"
    },
    "repository": {
      "type": "git",
      "url": "git+https://github.com/FrankFang/frank-test-1.git"
    },
    "keywords": [
      "vue",
      "ui"
    ],
    "author": "frankfang",
    "license": "MIT",
    "bugs": {
      "url": "https://github.com/FrankFang/frank-test-1/issues"
    },
    "homepage": "https://github.com/FrankFang/frank-test-1#readme",
    "dependencies": {
      "vue": "^2.5.16",
      "vue-hot-reload-api": "^2.3.0"
    },
    "devDependencies": {
      "@vue/component-compiler-utils": "^2.0.0",
      "chai": "^4.1.2",
      "chai-spies": "^1.0.0",
      "karma": "^2.0.4",
      "karma-chai": "^0.1.0",
      "karma-chai-spies": "^0.1.4",
      "karma-chrome-launcher": "^2.2.0",
      "karma-mocha": "^1.3.0",
      "karma-sinon-chai": "^1.3.4",
      "mocha": "^5.2.0",
      "node-sass": "^4.9.0",
      "parcel-bundler": "^1.9.2",
      "sinon": "^6.0.1",
      "sinon-chai": "^3.2.0",
      "vue-template-compiler": "^2.5.16"
    },
    "alias": {
      "vue": "./node_modules/vue/dist/vue.common.js"
    }
  }

yarn manifest: 
  No manifest

Lockfile: 
  No lockfile
